22:05:47 Bathroom temp 18.000000 X 19.000000 0 0
22:05:48 Bathroom temp 18.375000 0 19.000000 0 0
22:05:49 Bathroom ref_temp 15.000000 X 19.000000 0 0
22:05:49 Bathroom hum 68.000000 0
22:05:50 Bathroom ref_hum 58.000000 0
22:06:51 Sitting_room temp 18.625000 0 19.000000 0 0
22:06:52 Bathroom temp 18.000000 X 19.000000 0 0
22:06:53 Bathroom temp 18.375000 0 19.000000 0 0
22:06:53 Bathroom ref_temp 15.000000 X 19.000000 0 0
22:06:54 Bathroom hum 68.000000 0
22:06:54 Bathroom ref_hum 58.000000 0
22:07:56 Sitting_room temp 18.625000 0 19.000000 0 0
22:07:56 Bathroom temp 18.000000 X 19.000000 0 0
22:07:57 Bathroom temp 18.375000 0 19.000000 0 0
22:07:58 Bathroom ref_temp 15.000000 X 19.000000 0 0
22:07:58 Bathroom hum 68.000000 0
22:07:59 Bathroom ref_hum 58.000000 0
22:09:00 Sitting_room temp 18.625000 0 19.000000 0 0
22:09:01 Bathroom temp 18.000000 X 19.000000 0 0
22:09:02 Bathroom temp 18.375000 0 19.000000 0 0
22:09:02 Bathroom ref_temp 15.000000 X 19.000000 0 0
22:09:03 Bathroom hum 68.000000 0
22:09:03 Bathroom ref_hum 58.000000 0
22:10:05 Sitting_room temp 18.625000 0 19.000000 0 0
22:10:05 Bathroom temp 18.000000 X 19.000000 0 0
22:10:06 Bathroom temp 18.375000 0 19.000000 0 0
22:10:07 Bathroom ref_temp 15.000000 X 19.000000 0 0
22:10:07 Bathroom hum 68.000000 0
22:10:08 Bathroom ref_hum 58.000000 0
22:11:10 Sitting_room temp 18.625000 0 19.000000 0 0
22:11:10 Bathroom temp 18.000000 X 19.000000 0 0
22:11:11 Bathroom temp 18.375000 0 19.000000 0 0
22:11:11 Bathroom ref_temp 15.000000 X 19.000000 0 0
22:11:12 Bathroom hum 68.000000 0
22:11:13 Bathroom ref_hum 58.000000 0
22:12:14 Sitting_room temp 18.625000 0 19.000000 0 0
22:12:15 Bathroom temp 18.000000 X 19.000000 0 0
22:12:15 Bathroom temp 18.375000 0 19.000000 0 0
22:12:16 Bathroom ref_temp 15.000000 X 19.000000 0 0
22:12:17 Bathroom hum 68.000000 0
22:12:17 Bathroom ref_hum 58.000000 0
22:13:19 Sitting_room temp 18.625000 0 19.000000 0 0
22:13:19 Bathroom temp 18.000000 X 19.000000 0 0
22:13:20 Bathroom temp 18.375000 0 19.000000 0 0
22:13:20 Bathroom ref_temp 15.000000 X 19.000000 0 0
22:13:21 Bathroom hum 68.000000 0
22:13:22 Bathroom ref_hum 59.000000 0
22:14:23 Sitting_room temp 18.625000 0 19.000000 0 0
22:14:24 Bathroom temp 18.000000 X 19.000000 0 0
22:14:24 Bathroom temp 18.375000 0 19.000000 0 0
22:14:25 Bathroom ref_temp 15.000000 X 19.000000 0 0
22:14:26 Bathroom hum 68.000000 0
22:14:26 Bathroom ref_hum 59.000000 0
22:15:28 Sitting_room temp 18.625000 0 19.000000 0 0
22:15:28 Bathroom temp 18.000000 X 19.000000 0 0
22:15:29 Bathroom temp 18.375000 0 19.000000 0 0
22:15:29 Bathroom ref_temp 15.000000 X 19.000000 0 0
22:15:30 Bathroom hum 68.000000 0
22:15:31 Bathroom ref_hum 59.000000 0
22:16:32 Sitting_room temp 18.625000 0 19.000000 0 0
22:16:33 Bathroom temp 18.000000 X 19.000000 0 0
22:16:33 Bathroom temp 18.375000 0 19.000000 0 0
22:16:34 Bathroom ref_temp 15.000000 X 19.000000 0 0
22:16:34 Bathroom hum 68.000000 0
22:16:35 Bathroom ref_hum 59.000000 0
